# JRE version: Java(TM) SE Runtime Environment (8.0_111-b14) (build 1.8.0_111-b14)
# Java VM: Java HotSpot(TM) 64-Bit Server VM (25.111-b14 mixed mode windows-amd64 compressed oops)
Heap:
 PSYoungGen      total 127488K, used 53905K [0x00000000f0000000, 0x00000000f8400000, 0x0000000100000000)
  eden space 121344K, 43% used [0x00000000f0000000,0x00000000f33ce318,0x00000000f7680000)
  from space 6144K, 13% used [0x00000000f7d00000,0x00000000f7dd61f8,0x00000000f8300000)
  to   space 6656K, 0% used [0x00000000f7680000,0x00000000f7680000,0x00000000f7d00000)
 ParOldGen       total 26112K, used 13795K [0x00000000d0000000, 0x00000000d1980000, 0x00000000f0000000)
  object space 26112K, 52% used [0x00000000d0000000,0x00000000d0d78f18,0x00000000d1980000)
 Metaspace       used 32926K, capacity 33854K, committed 33920K, reserved 1079296K
  class space    used 4469K, capacity 4711K, committed 4736K, reserved 1048576K
GC Heap History (10 events):
Event: 12.379 GC heap before
{Heap before GC invocations=7 (full 1):
 PSYoungGen      total 26624K, used 26592K [0x00000000f0000000, 0x00000000f3600000, 0x0000000100000000)
  eden space 24576K, 100% used [0x00000000f0000000,0x00000000f1800000,0x00000000f1800000)
  from space 2048K, 98% used [0x00000000f1800000,0x00000000f19f8040,0x00000000f1a00000)
  to   space 6656K, 0% used [0x00000000f2f80000,0x00000000f2f80000,0x00000000f3600000)
 ParOldGen       total 26112K, used 9986K [0x00000000d0000000, 0x00000000d1980000, 0x00000000f0000000)
  object space 26112K, 38% used [0x00000000d0000000,0x00000000d09c0b60,0x00000000d1980000)
 Metaspace       used 30840K, capacity 31614K, committed 32000K, reserved 1077248K
  class space    used 4306K, capacity 4499K, committed 4608K, reserved 1048576K
Event: 12.387 GC heap after
Heap after GC invocations=7 (full 1):
 PSYoungGen      total 46592K, used 3998K [0x00000000f0000000, 0x00000000f3480000, 0x0000000100000000)
  eden space 41472K, 0% used [0x00000000f0000000,0x00000000f0000000,0x00000000f2880000)
  from space 5120K, 78% used [0x00000000f2f80000,0x00000000f3367970,0x00000000f3480000)
  to   space 6144K, 0% used [0x00000000f2880000,0x00000000f2880000,0x00000000f2e80000)
 ParOldGen       total 26112K, used 9994K [0x00000000d0000000, 0x00000000d1980000, 0x00000000f0000000)
  object space 26112K, 38% used [0x00000000d0000000,0x00000000d09c2b60,0x00000000d1980000)
 Metaspace       used 30840K, capacity 31614K, committed 32000K, reserved 1077248K
  class space    used 4306K, capacity 4499K, committed 4608K, reserved 1048576K
}
Event: 12.439 GC heap before
{Heap before GC invocations=8 (full 1):
 PSYoungGen      total 46592K, used 45439K [0x00000000f0000000, 0x00000000f3480000, 0x0000000100000000)
  eden space 41472K, 99% used [0x00000000f0000000,0x00000000f28785b8,0x00000000f2880000)
  from space 5120K, 78% used [0x00000000f2f80000,0x00000000f3367970,0x00000000f3480000)
  to   space 6144K, 0% used [0x00000000f2880000,0x00000000f2880000,0x00000000f2e80000)
 ParOldGen       total 26112K, used 9994K [0x00000000d0000000, 0x00000000d1980000, 0x00000000f0000000)
  object space 26112K, 38% used [0x00000000d0000000,0x00000000d09c2b60,0x00000000d1980000)
 Metaspace       used 30855K, capacity 31614K, committed 32000K, reserved 1077248K
  class space    used 4306K, capacity 4499K, committed 4608K, reserved 1048576K
Event: 12.448 GC heap after
Heap after GC invocations=8 (full 1):
 PSYoungGen      total 47616K, used 4070K [0x00000000f0000000, 0x00000000f5800000, 0x0000000100000000)
  eden space 41472K, 0% used [0x00000000f0000000,0x00000000f0000000,0x00000000f2880000)
  from space 6144K, 66% used [0x00000000f2880000,0x00000000f2c79930,0x00000000f2e80000)
  to   space 6144K, 0% used [0x00000000f5200000,0x00000000f5200000,0x00000000f5800000)
 ParOldGen       total 26112K, used 10002K [0x00000000d0000000, 0x00000000d1980000, 0x00000000f0000000)
  object space 26112K, 38% used [0x00000000d0000000,0x00000000d09c4b60,0x00000000d1980000)
 Metaspace       used 30855K, capacity 31614K, committed 32000K, reserved 1077248K
  class space    used 4306K, capacity 4499K, committed 4608K, reserved 1048576K
}
Event: 12.484 GC heap before
{Heap before GC invocations=9 (full 1):
 PSYoungGen      total 47616K, used 45471K [0x00000000f0000000, 0x00000000f5800000, 0x0000000100000000)
  eden space 41472K, 99% used [0x00000000f0000000,0x00000000f286e2d8,0x00000000f2880000)
  from space 6144K, 66% used [0x00000000f2880000,0x00000000f2c79930,0x00000000f2e80000)
  to   space 6144K, 0% used [0x00000000f5200000,0x00000000f5200000,0x00000000f5800000)
 ParOldGen       total 26112K, used 10002K [0x00000000d0000000, 0x00000000d1980000, 0x00000000f0000000)
  object space 26112K, 38% used [0x00000000d0000000,0x00000000d09c4b60,0x00000000d1980000)
 Metaspace       used 30858K, capacity 31614K, committed 32000K, reserved 1077248K
  class space    used 4306K, capacity 4499K, committed 4608K, reserved 1048576K
Event: 12.491 GC heap after
Heap after GC invocations=9 (full 1):
 PSYoungGen      total 84480K, used 4081K [0x00000000f0000000, 0x00000000f5900000, 0x0000000100000000)
  eden space 78336K, 0% used [0x00000000f0000000,0x00000000f0000000,0x00000000f4c80000)
  from space 6144K, 66% used [0x00000000f5200000,0x00000000f55fc660,0x00000000f5800000)
  to   space 5632K, 0% used [0x00000000f4c80000,0x00000000f4c80000,0x00000000f5200000)
 ParOldGen       total 26112K, used 10002K [0x00000000d0000000, 0x00000000d1980000, 0x00000000f0000000)
  object space 26112K, 38% used [0x00000000d0000000,0x00000000d09c4b60,0x00000000d1980000)
 Metaspace       used 30858K, capacity 31614K, committed 32000K, reserved 1077248K
  class space    used 4306K, capacity 4499K, committed 4608K, reserved 1048576K
}
Event: 12.583 GC heap before
{Heap before GC invocations=10 (full 1):
 PSYoungGen      total 84480K, used 82372K [0x00000000f0000000, 0x00000000f5900000, 0x0000000100000000)
  eden space 78336K, 99% used [0x00000000f0000000,0x00000000f4c74c00,0x00000000f4c80000)
  from space 6144K, 66% used [0x00000000f5200000,0x00000000f55fc660,0x00000000f5800000)
  to   space 5632K, 0% used [0x00000000f4c80000,0x00000000f4c80000,0x00000000f5200000)
 ParOldGen       total 26112K, used 10002K [0x00000000d0000000, 0x00000000d1980000, 0x00000000f0000000)
  object space 26112K, 38% used [0x00000000d0000000,0x00000000d09c4b60,0x00000000d1980000)
 Metaspace       used 30896K, capacity 31614K, committed 32000K, reserved 1077248K
  class space    used 4307K, capacity 4499K, committed 4608K, reserved 1048576K
Event: 12.591 GC heap after
Heap after GC invocations=10 (full 1):
 PSYoungGen      total 83968K, used 578K [0x00000000f0000000, 0x00000000f8300000, 0x0000000100000000)
  eden space 78336K, 0% used [0x00000000f0000000,0x00000000f0000000,0x00000000f4c80000)
  from space 5632K, 10% used [0x00000000f4c80000,0x00000000f4d10af8,0x00000000f5200000)
  to   space 6144K, 0% used [0x00000000f7d00000,0x00000000f7d00000,0x00000000f8300000)
 ParOldGen       total 26112K, used 13771K [0x00000000d0000000, 0x00000000d1980000, 0x00000000f0000000)
  object space 26112K, 52% used [0x00000000d0000000,0x00000000d0d72f18,0x00000000d1980000)
 Metaspace       used 30896K, capacity 31614K, committed 32000K, reserved 1077248K
  class space    used 4307K, capacity 4499K, committed 4608K, reserved 1048576K
}
Event: 12.663 GC heap before
{Heap before GC invocations=11 (full 1):
 PSYoungGen      total 83968K, used 78876K [0x00000000f0000000, 0x00000000f8300000, 0x0000000100000000)
  eden space 78336K, 99% used [0x00000000f0000000,0x00000000f4c76518,0x00000000f4c80000)
  from space 5632K, 10% used [0x00000000f4c80000,0x00000000f4d10af8,0x00000000f5200000)
  to   space 6144K, 0% used [0x00000000f7d00000,0x00000000f7d00000,0x00000000f8300000)
 ParOldGen       total 26112K, used 13771K [0x00000000d0000000, 0x00000000d1980000, 0x00000000f0000000)
  object space 26112K, 52% used [0x00000000d0000000,0x00000000d0d72f18,0x00000000d1980000)
 Metaspace       used 30930K, capacity 31678K, committed 32000K, reserved 1077248K
  class space    used 4308K, capacity 4499K, committed 4608K, reserved 1048576K
Event: 12.666 GC heap after
Heap after GC invocations=11 (full 1):
 PSYoungGen      total 127488K, used 856K [0x00000000f0000000, 0x00000000f8400000, 0x0000000100000000)
  eden space 121344K, 0% used [0x00000000f0000000,0x00000000f0000000,0x00000000f7680000)
  from space 6144K, 13% used [0x00000000f7d00000,0x00000000f7dd61f8,0x00000000f8300000)
  to   space 6656K, 0% used [0x00000000f7680000,0x00000000f7680000,0x00000000f7d00000)
 ParOldGen       total 26112K, used 13795K [0x00000000d0000000, 0x00000000d1980000, 0x00000000f0000000)
  object space 26112K, 52% used [0x00000000d0000000,0x00000000d0d78f18,0x00000000d1980000)
 Metaspace       used 30930K, capacity 31678K, committed 32000K, reserved 1077248K
  class space    used 4308K, capacity 4499K, committed 4608K, reserved 1048576K
}

